<?xml version="1.0" encoding="UTF-8"?>
<!-- Generated by org.testng.reporters.JUnitXMLReporter -->
<testsuite ignored="0" hostname="Prathapreddy" failures="1" tests="1" name="Default test" time="9.569" errors="0" timestamp="2023-06-06T16:02:41 IST">
  <testcase classname="io.cucumber.testng.AbstractTestNGCucumberTests" name="runScenario" time="8.794">
    <failure type="java.lang.NullPointerException" message="Cannot invoke &amp;quot;org.openqa.selenium.WebDriver.get(String)&amp;quot; because &amp;quot;this.driver&amp;quot; is null">
      <![CDATA[java.lang.NullPointerException: Cannot invoke "org.openqa.selenium.WebDriver.get(String)" because "this.driver" is null
at stepdefinition.Logintest.i_want_to_load_the_url(Logintest.java:30)
at ✽.I want to load the url(file:///C:/ECLIPSE/septemberjavaproject/WASA3-BDD/./src/test/java/features/Myaccount.feature:10)
]]>
    </failure>
  </testcase> <!-- runScenario -->
</testsuite> <!-- Default test -->
