<?xml version="1.0" encoding="UTF-8"?>
<testng-results ignored="0" total="1" passed="1" failed="0" skipped="0">
  <reporter-output>
  </reporter-output>
  <suite started-at="2023-07-20T13:19:51 IST" name="Default suite" finished-at="2023-07-20T13:19:51 IST" duration-ms="202">
    <groups>
    </groups>
    <test started-at="2023-07-20T13:19:51 IST" name="Default test" finished-at="2023-07-20T13:19:51 IST" duration-ms="202">
      <class name="Practice.Practice">
        <test-method signature="sample()[pri:0, instance:Practice.Practice@306cf3ea]" started-at="2023-07-20T13:19:51 IST" name="sample" finished-at="2023-07-20T13:19:51 IST" duration-ms="34" status="PASS">
          <reporter-output>
          </reporter-output>
        </test-method> <!-- sample -->
      </class> <!-- Practice.Practice -->
    </test> <!-- Default test -->
  </suite> <!-- Default suite -->
</testng-results>
