<?xml version="1.0" encoding="UTF-8"?>
<testng-results ignored="0" total="1" passed="0" failed="1" skipped="0">
  <reporter-output>
  </reporter-output>
  <suite started-at="2023-06-06T16:02:31 IST" name="Default suite" finished-at="2023-06-06T16:02:41 IST" duration-ms="9569">
    <groups>
      <group name="cucumber">
        <method signature="AbstractTestNGCucumberTests.runScenario(io.cucumber.testng.PickleWrapper,io.cucumber.testng.FeatureWrapper)[pri:0, instance:runner.RunnerIO2@43195e57]" name="runScenario" class="io.cucumber.testng.AbstractTestNGCucumberTests"/>
      </group> <!-- cucumber -->
    </groups>
    <test started-at="2023-06-06T16:02:31 IST" name="Default test" finished-at="2023-06-06T16:02:41 IST" duration-ms="9569">
      <class name="runner.RunnerIO2">
        <test-method is-config="true" signature="setUpClass()[pri:0, instance:runner.RunnerIO2@43195e57]" started-at="2023-06-06T16:02:31 IST" name="setUpClass" finished-at="2023-06-06T16:02:32 IST" duration-ms="664" status="PASS">
          <reporter-output>
          </reporter-output>
        </test-method> <!-- setUpClass -->
        <test-method signature="runScenario(io.cucumber.testng.PickleWrapper,io.cucumber.testng.FeatureWrapper)[pri:0, instance:runner.RunnerIO2@43195e57]" started-at="2023-06-06T16:02:32 IST" name="runScenario" description="Runs Cucumber Scenarios" data-provider="scenarios" finished-at="2023-06-06T16:02:41 IST" duration-ms="8794" status="FAIL">
          <params>
            <param index="0">
              <value>
                <![CDATA["Navigate to my account icon on qafox application"]]>
              </value>
            </param>
            <param index="1">
              <value>
                <![CDATA["Optional[My Account feature]"]]>
              </value>
            </param>
          </params>
          <exception class="java.lang.NullPointerException">
            <message>
              <![CDATA[Cannot invoke "org.openqa.selenium.WebDriver.get(String)" because "this.driver" is null]]>
            </message>
            <full-stacktrace>
              <![CDATA[java.lang.NullPointerException: Cannot invoke "org.openqa.selenium.WebDriver.get(String)" because "this.driver" is null
at stepdefinition.Logintest.i_want_to_load_the_url(Logintest.java:30)
at ✽.I want to load the url(file:///C:/ECLIPSE/septemberjavaproject/WASA3-BDD/./src/test/java/features/Myaccount.feature:10)
]]>
            </full-stacktrace>
          </exception> <!-- java.lang.NullPointerException -->
          <reporter-output>
          </reporter-output>
        </test-method> <!-- runScenario -->
        <test-method is-config="true" signature="tearDownClass()[pri:0, instance:runner.RunnerIO2@43195e57]" started-at="2023-06-06T16:02:41 IST" name="tearDownClass" finished-at="2023-06-06T16:02:41 IST" duration-ms="31" status="PASS">
          <reporter-output>
          </reporter-output>
        </test-method> <!-- tearDownClass -->
      </class> <!-- runner.RunnerIO2 -->
    </test> <!-- Default test -->
  </suite> <!-- Default suite -->
</testng-results>
