<?xml version="1.0" encoding="UTF-8"?>
<!-- Generated by org.testng.reporters.JUnitReportReporter -->
<testsuite hostname="Prathapreddy" failures="0" tests="1" name="runner.RunnerIO2" time="8.794" errors="1" timestamp="2023-06-06T16:02:41 IST" skipped="0">
  <testcase classname="runner.RunnerIO2" name="runScenario" time="8.794">
    <error message="Cannot invoke &quot;org.openqa.selenium.WebDriver.get(String)&quot; because &quot;this.driver&quot; is null" type="java.lang.NullPointerException">
      <![CDATA[java.lang.NullPointerException: Cannot invoke "org.openqa.selenium.WebDriver.get(String)" because "this.driver" is null
at stepdefinition.Logintest.i_want_to_load_the_url(Logintest.java:30)
at ✽.I want to load the url(file:///C:/ECLIPSE/septemberjavaproject/WASA3-BDD/./src/test/java/features/Myaccount.feature:10)
]]>
    </error>
  </testcase> <!-- runScenario -->
  <system-out/>
</testsuite> <!-- runner.RunnerIO2 -->
